<?xml version="1.0" encoding="UTF-8"?>
<testsuite xmlns:xsi="http://www.w3.org/2001/XMLSchema-instance" xsi:noNamespaceSchemaLocation="https://maven.apache.org/surefire/maven-surefire-plugin/xsd/surefire-test-report-3.0.xsd" version="3.0" name="com.dailycodebuffer.ProductService.ProductServiceApplicationTests" time="6.331" tests="1" errors="0" skipped="0" failures="0">
  <properties>
[...]
</properties>
  <testcase name="contextLoads" classname="com.dailycodebuffer.ProductService.ProductServiceApplicationTests" time="0.09">
    <system-out><![CDATA[18:45:05.691 [main] INFO org.springframework.test.context.support.AnnotationConfigContextLoaderUtils -- Could not detect default configuration classes for test class [com.dailycodebuffer.ProductService.ProductServiceApplicationTests]: ProductServiceApplicationTests does not declare any static, non-private, non-final, nested classes annotated with @Configuration.
18:45:05.738 [main] INFO org.springframework.boot.test.context.SpringBootTestContextBootstrapper -- Found @SpringBootConfiguration com.dailycodebuffer.ProductService.ProductServiceApplication for test class com.dailycodebuffer.ProductService.ProductServiceApplicationTests

  .   ____          _            __ _ _
 /\\ / ___'_ __ _ _(_)_ __  __ _ \ \ \ \
( ( )\___ | '_ | '_| | '_ \/ _` | \ \ \ \
 \\/  ___)| |_)| | | | | || (_| |  ) ) ) )
  '  |____| .__|_| |_|_| |_\__, | / / / /
 =========|_|==============|___/=/_/_/_/
 :: Spring Boot ::                (v3.1.1)

2023-10-17T18:45:07.201-04:00  INFO 38093 --- [           main] c.d.P.ProductServiceApplicationTests     : Starting ProductServiceApplicationTests using Java 17.0.7 with PID 38093 (started by AXS1QFH in /Users/AXS1QFH/Downloads/apollo-microservices/ProductService)
2023-10-17T18:45:07.202-04:00  INFO 38093 --- [           main] c.d.P.ProductServiceApplicationTests     : No active profile set, falling back to 1 default profile: "default"
2023-10-17T18:45:07.218-04:00  INFO 38093 --- [           main] o.s.c.c.c.ConfigServerConfigDataLoader   : Fetching config from server at : http://localhost:9296
2023-10-17T18:45:07.218-04:00  INFO 38093 --- [           main] o.s.c.c.c.ConfigServerConfigDataLoader   : Located environment: name=PRODUCT-SERVICE, profiles=[default], label=null, version=d7e307d8eb5a942a2a7cc586c77899a2cd8fe461, state=null
2023-10-17T18:45:07.218-04:00  INFO 38093 --- [           main] o.s.c.c.c.ConfigServerConfigDataLoader   : Fetching config from server at : http://localhost:9296
2023-10-17T18:45:07.219-04:00  INFO 38093 --- [           main] o.s.c.c.c.ConfigServerConfigDataLoader   : Located environment: name=PRODUCT-SERVICE, profiles=[default], label=null, version=d7e307d8eb5a942a2a7cc586c77899a2cd8fe461, state=null
2023-10-17T18:45:07.219-04:00  INFO 38093 --- [           main] o.s.c.c.c.ConfigServerConfigDataLoader   : Fetching config from server at : http://localhost:9296
2023-10-17T18:45:07.219-04:00  INFO 38093 --- [           main] o.s.c.c.c.ConfigServerConfigDataLoader   : Located environment: name=PRODUCT-SERVICE, profiles=[default], label=null, version=d7e307d8eb5a942a2a7cc586c77899a2cd8fe461, state=null
2023-10-17T18:45:07.583-04:00  INFO 38093 --- [           main] .s.d.r.c.RepositoryConfigurationDelegate : Bootstrapping Spring Data JPA repositories in DEFAULT mode.
2023-10-17T18:45:07.658-04:00  INFO 38093 --- [           main] .s.d.r.c.RepositoryConfigurationDelegate : Finished Spring Data repository scanning in 71 ms. Found 1 JPA repository interfaces.
2023-10-17T18:45:07.847-04:00  INFO 38093 --- [           main] o.s.cloud.context.scope.GenericScope     : BeanFactory id=250cc1ea-cc34-3968-b36e-e8130bdf6c6b
2023-10-17T18:45:08.109-04:00  INFO 38093 --- [           main] o.hibernate.jpa.internal.util.LogHelper  : HHH000204: Processing PersistenceUnitInfo [name: default]
2023-10-17T18:45:08.191-04:00  INFO 38093 --- [           main] org.hibernate.Version                    : HHH000412: Hibernate ORM core version 6.2.5.Final
2023-10-17T18:45:08.193-04:00  INFO 38093 --- [           main] org.hibernate.cfg.Environment            : HHH000406: Using bytecode reflection optimizer
2023-10-17T18:45:08.385-04:00  INFO 38093 --- [           main] o.h.b.i.BytecodeProviderInitiator        : HHH000021: Bytecode provider name : bytebuddy
2023-10-17T18:45:08.527-04:00  INFO 38093 --- [           main] o.s.o.j.p.SpringPersistenceUnitInfo      : No LoadTimeWeaver setup: ignoring JPA class transformer
2023-10-17T18:45:08.547-04:00  INFO 38093 --- [           main] com.zaxxer.hikari.HikariDataSource       : HikariPool-1 - Starting...
2023-10-17T18:45:09.021-04:00  INFO 38093 --- [           main] com.zaxxer.hikari.pool.HikariPool        : HikariPool-1 - Added connection org.postgresql.jdbc.PgConnection@56b751b1
2023-10-17T18:45:09.022-04:00  INFO 38093 --- [           main] com.zaxxer.hikari.HikariDataSource       : HikariPool-1 - Start completed.
2023-10-17T18:45:09.627-04:00  INFO 38093 --- [           main] o.h.b.i.BytecodeProviderInitiator        : HHH000021: Bytecode provider name : bytebuddy
2023-10-17T18:45:10.503-04:00  INFO 38093 --- [           main] o.h.e.t.j.p.i.JtaPlatformInitiator       : HHH000490: Using JtaPlatform implementation: [org.hibernate.engine.transaction.jta.platform.internal.NoJtaPlatform]
2023-10-17T18:45:10.505-04:00  INFO 38093 --- [           main] j.LocalContainerEntityManagerFactoryBean : Initialized JPA EntityManagerFactory for persistence unit 'default'
2023-10-17T18:45:11.025-04:00  WARN 38093 --- [           main] JpaBaseConfiguration$JpaWebConfiguration : spring.jpa.open-in-view is enabled by default. Therefore, database queries may be performed during view rendering. Explicitly configure spring.jpa.open-in-view to disable this warning
2023-10-17T18:45:11.071-04:00  WARN 38093 --- [           main] .s.s.UserDetailsServiceAutoConfiguration : 

Using generated security password: 81aa2c9f-3662-4dca-97f3-0b34847ab080

This generated password is for development use only. Your security configuration must be updated before running your application in production.

2023-10-17T18:45:11.154-04:00  INFO 38093 --- [           main] o.s.s.web.DefaultSecurityFilterChain     : Will secure any request with [org.springframework.security.web.session.DisableEncodeUrlFilter@1f591b2e, org.springframework.security.web.context.request.async.WebAsyncManagerIntegrationFilter@1e205025, org.springframework.security.web.context.SecurityContextHolderFilter@2d732cda, org.springframework.security.web.header.HeaderWriterFilter@f047670, org.springframework.security.web.authentication.logout.LogoutFilter@16b713dd, com.dailycodebuffer.ProductService.security.filters.JwtAuthenticationFilter@4bba2704, org.springframework.security.web.savedrequest.RequestCacheAwareFilter@3c98eaa9, org.springframework.security.web.servletapi.SecurityContextHolderAwareRequestFilter@1930e8ef, org.springframework.security.web.authentication.AnonymousAuthenticationFilter@c10f7a8, org.springframework.security.web.session.SessionManagementFilter@4e22dadb, org.springframework.security.web.access.ExceptionTranslationFilter@1e186006, org.springframework.security.web.access.intercept.AuthorizationFilter@54faa040]
2023-10-17T18:45:11.522-04:00  INFO 38093 --- [           main] DiscoveryClientOptionalArgsConfiguration : Eureka HTTP Client uses RestTemplate.
2023-10-17T18:45:11.564-04:00  WARN 38093 --- [           main] iguration$LoadBalancerCaffeineWarnLogger : Spring Cloud LoadBalancer is currently working with the default cache. While this cache implementation is useful for development and tests, it's recommended to use Caffeine cache in production.You can switch to using Caffeine cache, by adding it and org.springframework.cache.caffeine.CaffeineCacheManager to the classpath.
2023-10-17T18:45:11.580-04:00  INFO 38093 --- [           main] o.s.c.n.eureka.InstanceInfoFactory       : Setting initial instance status as: STARTING
2023-10-17T18:45:11.635-04:00  INFO 38093 --- [           main] com.netflix.discovery.DiscoveryClient    : Initializing Eureka in region us-east-1
2023-10-17T18:45:11.638-04:00  INFO 38093 --- [           main] c.n.d.s.r.aws.ConfigClusterResolver      : Resolving eureka endpoints via configuration
2023-10-17T18:45:11.656-04:00  INFO 38093 --- [           main] com.netflix.discovery.DiscoveryClient    : Disable delta property : false
2023-10-17T18:45:11.656-04:00  INFO 38093 --- [           main] com.netflix.discovery.DiscoveryClient    : Single vip registry refresh property : null
2023-10-17T18:45:11.656-04:00  INFO 38093 --- [           main] com.netflix.discovery.DiscoveryClient    : Force full registry fetch : false
2023-10-17T18:45:11.656-04:00  INFO 38093 --- [           main] com.netflix.discovery.DiscoveryClient    : Application is null : false
2023-10-17T18:45:11.656-04:00  INFO 38093 --- [           main] com.netflix.discovery.DiscoveryClient    : Registered Applications size is zero : true
2023-10-17T18:45:11.656-04:00  INFO 38093 --- [           main] com.netflix.discovery.DiscoveryClient    : Application version is -1: true
2023-10-17T18:45:11.657-04:00  INFO 38093 --- [           main] com.netflix.discovery.DiscoveryClient    : Getting all instance registry info from the eureka server
2023-10-17T18:45:11.827-04:00  INFO 38093 --- [           main] com.netflix.discovery.DiscoveryClient    : The response status is 200
2023-10-17T18:45:11.828-04:00  INFO 38093 --- [           main] com.netflix.discovery.DiscoveryClient    : Starting heartbeat executor: renew interval is: 30
2023-10-17T18:45:11.829-04:00  INFO 38093 --- [           main] c.n.discovery.InstanceInfoReplicator     : InstanceInfoReplicator onDemand update allowed rate per min is 4
2023-10-17T18:45:11.831-04:00  INFO 38093 --- [           main] com.netflix.discovery.DiscoveryClient    : Discovery Client initialized at timestamp 1697582711831 with initial instances count: 4
2023-10-17T18:45:11.833-04:00  INFO 38093 --- [           main] o.s.c.n.e.s.EurekaServiceRegistry        : Registering application PRODUCT-SERVICE with eureka with status UP
2023-10-17T18:45:11.834-04:00  INFO 38093 --- [           main] com.netflix.discovery.DiscoveryClient    : Saw local status change event StatusChangeEvent [timestamp=1697582711834, current=UP, previous=STARTING]
2023-10-17T18:45:11.834-04:00  INFO 38093 --- [nfoReplicator-0] com.netflix.discovery.DiscoveryClient    : DiscoveryClient_PRODUCT-SERVICE/xjjjf96p7ymbp.fios-router.home:PRODUCT-SERVICE:8083: registering service...
2023-10-17T18:45:11.844-04:00  INFO 38093 --- [           main] c.d.P.ProductServiceApplicationTests     : Started ProductServiceApplicationTests in 6.037 seconds (process running for 6.53)
2023-10-17T18:45:11.895-04:00  INFO 38093 --- [nfoReplicator-0] com.netflix.discovery.DiscoveryClient    : DiscoveryClient_PRODUCT-SERVICE/xjjjf96p7ymbp.fios-router.home:PRODUCT-SERVICE:8083 - registration status: 204
]]></system-out>
  </testcase>
</testsuite>